[2023-04-28T23:38:49.200+0000] {taskinstance.py:1090} INFO - Dependencies all met for dep_context=non-requeueable deps ti=<TaskInstance: booking_ingestion_DAG.transform_data manual__2023-04-28T23:38:45.088354+00:00 [queued]>
[2023-04-28T23:38:49.213+0000] {taskinstance.py:1090} INFO - Dependencies all met for dep_context=requeueable deps ti=<TaskInstance: booking_ingestion_DAG.transform_data manual__2023-04-28T23:38:45.088354+00:00 [queued]>
[2023-04-28T23:38:49.214+0000] {taskinstance.py:1288} INFO - 
--------------------------------------------------------------------------------
[2023-04-28T23:38:49.215+0000] {taskinstance.py:1289} INFO - Starting attempt 1 of 1
[2023-04-28T23:38:49.216+0000] {taskinstance.py:1290} INFO - 
--------------------------------------------------------------------------------
[2023-04-28T23:38:49.237+0000] {taskinstance.py:1309} INFO - Executing <Task(PythonOperator): transform_data> on 2023-04-28 23:38:45.088354+00:00
[2023-04-28T23:38:49.244+0000] {standard_task_runner.py:55} INFO - Started process 7698 to run task
[2023-04-28T23:38:49.249+0000] {standard_task_runner.py:82} INFO - Running: ['***', 'tasks', 'run', 'booking_ingestion_DAG', 'transform_data', 'manual__2023-04-28T23:38:45.088354+00:00', '--job-id', '64', '--raw', '--subdir', 'DAGS_FOLDER/main.py', '--cfg-path', '/tmp/tmpr1bca_f_']
[2023-04-28T23:38:49.252+0000] {standard_task_runner.py:83} INFO - Job 64: Subtask transform_data
[2023-04-28T23:38:49.371+0000] {task_command.py:389} INFO - Running <TaskInstance: booking_ingestion_DAG.transform_data manual__2023-04-28T23:38:45.088354+00:00 [running]> on host 0e14e6a5e88f
[2023-04-28T23:38:49.644+0000] {taskinstance.py:1518} INFO - Exporting the following env vars:
AIRFLOW_CTX_DAG_OWNER=***
AIRFLOW_CTX_DAG_ID=booking_ingestion_DAG
AIRFLOW_CTX_TASK_ID=transform_data
AIRFLOW_CTX_EXECUTION_DATE=2023-04-28T23:38:45.088354+00:00
AIRFLOW_CTX_TRY_NUMBER=1
AIRFLOW_CTX_DAG_RUN_ID=manual__2023-04-28T23:38:45.088354+00:00
[2023-04-28T23:38:49.645+0000] {logging_mixin.py:137} INFO - ready for transform
[2023-04-28T23:38:49.721+0000] {logging_mixin.py:137} WARNING - /opt/***/dags/main.py:73 FutureWarning: In a future version of pandas all arguments of DataFrame.drop except for the argument 'labels' will be keyword-only
[2023-04-28T23:38:49.748+0000] {python.py:177} INFO - Done. Returned value was: None
[2023-04-28T23:38:49.760+0000] {taskinstance.py:1332} INFO - Marking task as SUCCESS. dag_id=booking_ingestion_DAG, task_id=transform_data, execution_date=20230428T233845, start_date=20230428T233849, end_date=20230428T233849
[2023-04-28T23:38:49.822+0000] {local_task_job.py:212} INFO - Task exited with return code 0
[2023-04-28T23:38:49.854+0000] {taskinstance.py:2596} INFO - 1 downstream tasks scheduled from follow-on schedule check
