[2023-04-29T00:41:24.483+0000] {taskinstance.py:1090} INFO - Dependencies all met for dep_context=non-requeueable deps ti=<TaskInstance: booking_ingestion_DAG.load_data manual__2023-04-29T00:41:20.511654+00:00 [queued]>
[2023-04-29T00:41:24.494+0000] {taskinstance.py:1090} INFO - Dependencies all met for dep_context=requeueable deps ti=<TaskInstance: booking_ingestion_DAG.load_data manual__2023-04-29T00:41:20.511654+00:00 [queued]>
[2023-04-29T00:41:24.494+0000] {taskinstance.py:1288} INFO - 
--------------------------------------------------------------------------------
[2023-04-29T00:41:24.496+0000] {taskinstance.py:1289} INFO - Starting attempt 1 of 1
[2023-04-29T00:41:24.497+0000] {taskinstance.py:1290} INFO - 
--------------------------------------------------------------------------------
[2023-04-29T00:41:24.517+0000] {taskinstance.py:1309} INFO - Executing <Task(PythonOperator): load_data> on 2023-04-29 00:41:20.511654+00:00
[2023-04-29T00:41:24.521+0000] {standard_task_runner.py:55} INFO - Started process 1323 to run task
[2023-04-29T00:41:24.525+0000] {standard_task_runner.py:82} INFO - Running: ['***', 'tasks', 'run', 'booking_ingestion_DAG', 'load_data', 'manual__2023-04-29T00:41:20.511654+00:00', '--job-id', '84', '--raw', '--subdir', 'DAGS_FOLDER/main.py', '--cfg-path', '/tmp/tmphxqqumt6']
[2023-04-29T00:41:24.527+0000] {standard_task_runner.py:83} INFO - Job 84: Subtask load_data
[2023-04-29T00:41:24.601+0000] {task_command.py:389} INFO - Running <TaskInstance: booking_ingestion_DAG.load_data manual__2023-04-29T00:41:20.511654+00:00 [running]> on host 0e14e6a5e88f
[2023-04-29T00:41:24.820+0000] {taskinstance.py:1518} INFO - Exporting the following env vars:
AIRFLOW_CTX_DAG_OWNER=***
AIRFLOW_CTX_DAG_ID=booking_ingestion_DAG
AIRFLOW_CTX_TASK_ID=load_data
AIRFLOW_CTX_EXECUTION_DATE=2023-04-29T00:41:20.511654+00:00
AIRFLOW_CTX_TRY_NUMBER=1
AIRFLOW_CTX_DAG_RUN_ID=manual__2023-04-29T00:41:20.511654+00:00
[2023-04-29T00:41:24.851+0000] {python.py:177} INFO - Done. Returned value was: {"client_id":{"0":4,"1":3,"2":4,"3":4,"4":2,"5":2,"6":3,"7":1,"8":5,"9":2,"10":6,"11":2,"12":3,"13":5},"booking_date":{"0":1478044800000,"1":1508198400000,"2":1565136000000,"3":1628294400000,"4":1596758400000,"5":1628294400000,"6":1596758400000,"7":1521504000000,"8":1628294400000,"9":1499904000000,"10":1568419200000,"11":1570665600000,"12":1516060800000,"13":1577145600000},"room_type":{"0":"first_class_2_bed","1":"standard_3_bed","2":"first_class_2_bed","3":"standard_1_bed","4":"first_class_2_bed","5":"standard_1_bed","6":"first_class_2_bed","7":"balcony_2_bed","8":"standard_1_bed","9":"balcony_2_bed","10":"first_class_2_bed","11":"standard_2_bed","12":"standard_1_bed","13":"standard_2_bed"},"hotel_id":{"0":6,"1":6,"2":1,"3":1,"4":1,"5":1,"6":1,"7":1,"8":1,"9":2,"10":2,"11":5,"12":4,"13":3},"booking_cost":{"0":3140.0,"1":1980.0,"2":2910.0,"3":2910.0,"4":2910.0,"5":2910.0,"6":2910.0,"7":2740.0,"8":2910.0,"9":1860.0,"10":1840.0,"11":1760.0,"12":null,"13":4000.0},"currency":{"0":"GBP","1":"GBP","2":"GBP","3":"GBP","4":"GBP","5":"GBP","6":"GBP","7":"GBP","8":"GBP","9":"GBP","10":"GBP","11":"GBP","12":null,"13":"GBP"},"age":{"0":43.0,"1":30.0,"2":43.0,"3":43.0,"4":38.0,"5":38.0,"6":30.0,"7":null,"8":49.0,"9":38.0,"10":28.0,"11":38.0,"12":30.0,"13":49.0},"client_name":{"0":"Bianca","1":"Tom","2":"Bianca","3":"Bianca","4":"Ben","5":"Ben","6":"Tom","7":"Ann","8":"Caroline","9":"Ben","10":"Kate","11":"Ben","12":"Tom","13":"Caroline"},"client_type":{"0":"VIP","1":"standard","2":"VIP","3":"VIP","4":"standard","5":"standard","6":"standard","7":"standard","8":"standard","9":"standard","10":"VIP","11":"standard","12":"standard","13":"standard"},"hotel_name":{"0":"The New View","1":"The New View","2":"Astro Resort","3":"Astro Resort","4":"Astro Resort","5":"Astro Resort","6":"Astro Resort","7":"Astro Resort","8":"Astro Resort","9":"Dream Connect","10":"Dream Connect","11":"The Clift Royal","12":"Millennium Times Square","13":"Green Acres"}}
[2023-04-29T00:41:24.880+0000] {taskinstance.py:1332} INFO - Marking task as SUCCESS. dag_id=booking_ingestion_DAG, task_id=load_data, execution_date=20230429T004120, start_date=20230429T004124, end_date=20230429T004124
[2023-04-29T00:41:24.939+0000] {local_task_job.py:212} INFO - Task exited with return code 0
[2023-04-29T00:41:24.964+0000] {taskinstance.py:2596} INFO - 0 downstream tasks scheduled from follow-on schedule check
