[2023-04-29T00:37:47.678+0000] {taskinstance.py:1090} INFO - Dependencies all met for dep_context=non-requeueable deps ti=<TaskInstance: booking_ingestion_DAG.transform_data manual__2023-04-29T00:37:44.521265+00:00 [queued]>
[2023-04-29T00:37:47.689+0000] {taskinstance.py:1090} INFO - Dependencies all met for dep_context=requeueable deps ti=<TaskInstance: booking_ingestion_DAG.transform_data manual__2023-04-29T00:37:44.521265+00:00 [queued]>
[2023-04-29T00:37:47.689+0000] {taskinstance.py:1288} INFO - 
--------------------------------------------------------------------------------
[2023-04-29T00:37:47.691+0000] {taskinstance.py:1289} INFO - Starting attempt 1 of 1
[2023-04-29T00:37:47.692+0000] {taskinstance.py:1290} INFO - 
--------------------------------------------------------------------------------
[2023-04-29T00:37:47.709+0000] {taskinstance.py:1309} INFO - Executing <Task(PythonOperator): transform_data> on 2023-04-29 00:37:44.521265+00:00
[2023-04-29T00:37:47.713+0000] {standard_task_runner.py:55} INFO - Started process 1195 to run task
[2023-04-29T00:37:47.717+0000] {standard_task_runner.py:82} INFO - Running: ['***', 'tasks', 'run', 'booking_ingestion_DAG', 'transform_data', 'manual__2023-04-29T00:37:44.521265+00:00', '--job-id', '77', '--raw', '--subdir', 'DAGS_FOLDER/main.py', '--cfg-path', '/tmp/tmpm54aoxsw']
[2023-04-29T00:37:47.719+0000] {standard_task_runner.py:83} INFO - Job 77: Subtask transform_data
[2023-04-29T00:37:47.789+0000] {task_command.py:389} INFO - Running <TaskInstance: booking_ingestion_DAG.transform_data manual__2023-04-29T00:37:44.521265+00:00 [running]> on host 0e14e6a5e88f
[2023-04-29T00:37:47.992+0000] {taskinstance.py:1518} INFO - Exporting the following env vars:
AIRFLOW_CTX_DAG_OWNER=***
AIRFLOW_CTX_DAG_ID=booking_ingestion_DAG
AIRFLOW_CTX_TASK_ID=transform_data
AIRFLOW_CTX_EXECUTION_DATE=2023-04-29T00:37:44.521265+00:00
AIRFLOW_CTX_TRY_NUMBER=1
AIRFLOW_CTX_DAG_RUN_ID=manual__2023-04-29T00:37:44.521265+00:00
[2023-04-29T00:37:47.994+0000] {logging_mixin.py:137} INFO - ready for transform
[2023-04-29T00:37:48.052+0000] {logging_mixin.py:137} WARNING - /opt/***/dags/main.py:72 FutureWarning: In a future version of pandas all arguments of DataFrame.drop except for the argument 'labels' will be keyword-only
[2023-04-29T00:37:48.071+0000] {python.py:177} INFO - Done. Returned value was: None
[2023-04-29T00:37:48.082+0000] {taskinstance.py:1332} INFO - Marking task as SUCCESS. dag_id=booking_ingestion_DAG, task_id=transform_data, execution_date=20230429T003744, start_date=20230429T003747, end_date=20230429T003748
[2023-04-29T00:37:48.130+0000] {local_task_job.py:212} INFO - Task exited with return code 0
[2023-04-29T00:37:48.155+0000] {taskinstance.py:2596} INFO - 1 downstream tasks scheduled from follow-on schedule check
