[2023-04-29T01:03:29.275+0000] {taskinstance.py:1090} INFO - Dependencies all met for dep_context=non-requeueable deps ti=<TaskInstance: booking_ingestion_DAG.load_data manual__2023-04-29T01:03:25.039456+00:00 [queued]>
[2023-04-29T01:03:29.292+0000] {taskinstance.py:1090} INFO - Dependencies all met for dep_context=requeueable deps ti=<TaskInstance: booking_ingestion_DAG.load_data manual__2023-04-29T01:03:25.039456+00:00 [queued]>
[2023-04-29T01:03:29.292+0000] {taskinstance.py:1288} INFO - 
--------------------------------------------------------------------------------
[2023-04-29T01:03:29.294+0000] {taskinstance.py:1289} INFO - Starting attempt 1 of 1
[2023-04-29T01:03:29.294+0000] {taskinstance.py:1290} INFO - 
--------------------------------------------------------------------------------
[2023-04-29T01:03:29.315+0000] {taskinstance.py:1309} INFO - Executing <Task(PythonOperator): load_data> on 2023-04-29 01:03:25.039456+00:00
[2023-04-29T01:03:29.320+0000] {standard_task_runner.py:55} INFO - Started process 1942 to run task
[2023-04-29T01:03:29.324+0000] {standard_task_runner.py:82} INFO - Running: ['***', 'tasks', 'run', 'booking_ingestion_DAG', 'load_data', 'manual__2023-04-29T01:03:25.039456+00:00', '--job-id', '90', '--raw', '--subdir', 'DAGS_FOLDER/main.py', '--cfg-path', '/tmp/tmpabg77oft']
[2023-04-29T01:03:29.326+0000] {standard_task_runner.py:83} INFO - Job 90: Subtask load_data
[2023-04-29T01:03:29.406+0000] {task_command.py:389} INFO - Running <TaskInstance: booking_ingestion_DAG.load_data manual__2023-04-29T01:03:25.039456+00:00 [running]> on host 0e14e6a5e88f
[2023-04-29T01:03:29.638+0000] {taskinstance.py:1518} INFO - Exporting the following env vars:
AIRFLOW_CTX_DAG_OWNER=***
AIRFLOW_CTX_DAG_ID=booking_ingestion_DAG
AIRFLOW_CTX_TASK_ID=load_data
AIRFLOW_CTX_EXECUTION_DATE=2023-04-29T01:03:25.039456+00:00
AIRFLOW_CTX_TRY_NUMBER=1
AIRFLOW_CTX_DAG_RUN_ID=manual__2023-04-29T01:03:25.039456+00:00
[2023-04-29T01:03:29.673+0000] {python.py:177} INFO - Done. Returned value was: {"client_id":{"0":4,"1":3,"2":4,"3":4,"4":2,"5":2,"6":3,"7":3,"8":1,"9":5,"10":2,"11":6,"12":2,"13":3,"14":5},"booking_date":{"0":1478044800000,"1":1508198400000,"2":1565136000000,"3":1628294400000,"4":1596758400000,"5":1628294400000,"6":1596758400000,"7":1691366400000,"8":1521504000000,"9":1628294400000,"10":1499904000000,"11":1568419200000,"12":1570665600000,"13":1516060800000,"14":1577145600000},"room_type":{"0":"first_class_2_bed","1":"standard_3_bed","2":"first_class_2_bed","3":"standard_1_bed","4":"first_class_2_bed","5":"standard_1_bed","6":"first_class_2_bed","7":"standard_1_bed","8":"balcony_2_bed","9":"standard_1_bed","10":"balcony_2_bed","11":"first_class_2_bed","12":"standard_2_bed","13":"standard_1_bed","14":"standard_2_bed"},"hotel_id":{"0":6,"1":6,"2":1,"3":1,"4":1,"5":1,"6":1,"7":1,"8":1,"9":1,"10":2,"11":2,"12":5,"13":4,"14":3},"booking_cost":{"0":3140.0,"1":1980.0,"2":2910.0,"3":2910.0,"4":2910.0,"5":2910.0,"6":2910.0,"7":2910.0,"8":2740.0,"9":2910.0,"10":1860.0,"11":1840.0,"12":1760.0,"13":null,"14":4000.0},"currency":{"0":"GBP","1":"GBP","2":"GBP","3":"GBP","4":"GBP","5":"GBP","6":"GBP","7":"GBP","8":"GBP","9":"GBP","10":"GBP","11":"GBP","12":"GBP","13":null,"14":"GBP"},"age":{"0":43.0,"1":30.0,"2":43.0,"3":43.0,"4":38.0,"5":38.0,"6":30.0,"7":30.0,"8":null,"9":49.0,"10":38.0,"11":28.0,"12":38.0,"13":30.0,"14":49.0},"client_name":{"0":"Bianca","1":"Tom","2":"Bianca","3":"Bianca","4":"Ben","5":"Ben","6":"Tom","7":"Tom","8":"Ann","9":"Caroline","10":"Ben","11":"Kate","12":"Ben","13":"Tom","14":"Caroline"},"client_type":{"0":"VIP","1":"standard","2":"VIP","3":"VIP","4":"standard","5":"standard","6":"standard","7":"standard","8":"standard","9":"standard","10":"standard","11":"VIP","12":"standard","13":"standard","14":"standard"},"hotel_name":{"0":"The New View","1":"The New View","2":"Astro Resort","3":"Astro Resort","4":"Astro Resort","5":"Astro Resort","6":"Astro Resort","7":"Astro Resort","8":"Astro Resort","9":"Astro Resort","10":"Dream Connect","11":"Dream Connect","12":"The Clift Royal","13":"Millennium Times Square","14":"Green Acres"}}
[2023-04-29T01:03:29.703+0000] {taskinstance.py:1332} INFO - Marking task as SUCCESS. dag_id=booking_ingestion_DAG, task_id=load_data, execution_date=20230429T010325, start_date=20230429T010329, end_date=20230429T010329
[2023-04-29T01:03:29.738+0000] {local_task_job.py:212} INFO - Task exited with return code 0
[2023-04-29T01:03:29.777+0000] {taskinstance.py:2596} INFO - 0 downstream tasks scheduled from follow-on schedule check
