[2023-04-29T00:37:23.063+0000] {taskinstance.py:1090} INFO - Dependencies all met for dep_context=non-requeueable deps ti=<TaskInstance: booking_ingestion_DAG.load_data manual__2023-04-29T00:37:18.601338+00:00 [queued]>
[2023-04-29T00:37:23.074+0000] {taskinstance.py:1090} INFO - Dependencies all met for dep_context=requeueable deps ti=<TaskInstance: booking_ingestion_DAG.load_data manual__2023-04-29T00:37:18.601338+00:00 [queued]>
[2023-04-29T00:37:23.075+0000] {taskinstance.py:1288} INFO - 
--------------------------------------------------------------------------------
[2023-04-29T00:37:23.076+0000] {taskinstance.py:1289} INFO - Starting attempt 1 of 1
[2023-04-29T00:37:23.077+0000] {taskinstance.py:1290} INFO - 
--------------------------------------------------------------------------------
[2023-04-29T00:37:23.093+0000] {taskinstance.py:1309} INFO - Executing <Task(PythonOperator): load_data> on 2023-04-29 00:37:18.601338+00:00
[2023-04-29T00:37:23.097+0000] {standard_task_runner.py:55} INFO - Started process 1175 to run task
[2023-04-29T00:37:23.101+0000] {standard_task_runner.py:82} INFO - Running: ['***', 'tasks', 'run', 'booking_ingestion_DAG', 'load_data', 'manual__2023-04-29T00:37:18.601338+00:00', '--job-id', '75', '--raw', '--subdir', 'DAGS_FOLDER/main.py', '--cfg-path', '/tmp/tmpnke6e35_']
[2023-04-29T00:37:23.103+0000] {standard_task_runner.py:83} INFO - Job 75: Subtask load_data
[2023-04-29T00:37:23.171+0000] {task_command.py:389} INFO - Running <TaskInstance: booking_ingestion_DAG.load_data manual__2023-04-29T00:37:18.601338+00:00 [running]> on host 0e14e6a5e88f
[2023-04-29T00:37:23.425+0000] {taskinstance.py:1518} INFO - Exporting the following env vars:
AIRFLOW_CTX_DAG_OWNER=***
AIRFLOW_CTX_DAG_ID=booking_ingestion_DAG
AIRFLOW_CTX_TASK_ID=load_data
AIRFLOW_CTX_EXECUTION_DATE=2023-04-29T00:37:18.601338+00:00
AIRFLOW_CTX_TRY_NUMBER=1
AIRFLOW_CTX_DAG_RUN_ID=manual__2023-04-29T00:37:18.601338+00:00
[2023-04-29T00:37:23.460+0000] {python.py:177} INFO - Done. Returned value was:     client_id   booking_date  ... client_type               hotel_name
0           4  1478044800000  ...         VIP             The New View
1           3  1508198400000  ...    standard             The New View
2           4  1565136000000  ...         VIP             Astro Resort
3           4  1628294400000  ...         VIP             Astro Resort
4           2  1596758400000  ...    standard             Astro Resort
5           2  1628294400000  ...    standard             Astro Resort
6           3  1596758400000  ...    standard             Astro Resort
7           1  1521504000000  ...    standard             Astro Resort
8           5  1628294400000  ...    standard             Astro Resort
9           2  1499904000000  ...    standard            Dream Connect
10          6  1568419200000  ...         VIP            Dream Connect
11          2  1570665600000  ...    standard          The Clift Royal
12          3  1516060800000  ...    standard  Millennium Times Square
13          5  1577145600000  ...    standard              Green Acres

[14 rows x 10 columns]
[2023-04-29T00:37:23.489+0000] {xcom.py:635} ERROR - Object of type DataFrame is not JSON serializable. If you are using pickle instead of JSON for XCom, then you need to enable pickle support for XCom in your *** config or make sure to decorate your object with attr.
[2023-04-29T00:37:23.491+0000] {taskinstance.py:1776} ERROR - Task failed with exception
Traceback (most recent call last):
  File "/home/airflow/.local/lib/python3.7/site-packages/airflow/utils/session.py", line 72, in wrapper
    return func(*args, **kwargs)
  File "/home/airflow/.local/lib/python3.7/site-packages/airflow/models/taskinstance.py", line 2305, in xcom_push
    session=session,
  File "/home/airflow/.local/lib/python3.7/site-packages/airflow/utils/session.py", line 72, in wrapper
    return func(*args, **kwargs)
  File "/home/airflow/.local/lib/python3.7/site-packages/airflow/models/xcom.py", line 240, in set
    map_index=map_index,
  File "/home/airflow/.local/lib/python3.7/site-packages/airflow/models/xcom.py", line 627, in serialize_value
    return json.dumps(value, cls=XComEncoder).encode("UTF-8")
  File "/usr/local/lib/python3.7/json/__init__.py", line 238, in dumps
    **kw).encode(obj)
  File "/home/airflow/.local/lib/python3.7/site-packages/airflow/utils/json.py", line 176, in encode
    return super().encode(o)
  File "/usr/local/lib/python3.7/json/encoder.py", line 199, in encode
    chunks = self.iterencode(o, _one_shot=True)
  File "/usr/local/lib/python3.7/json/encoder.py", line 257, in iterencode
    return _iterencode(o, 0)
  File "/home/airflow/.local/lib/python3.7/site-packages/airflow/utils/json.py", line 170, in default
    return super().default(o)
  File "/usr/local/lib/python3.7/json/encoder.py", line 179, in default
    raise TypeError(f'Object of type {o.__class__.__name__} '
TypeError: Object of type DataFrame is not JSON serializable
[2023-04-29T00:37:23.503+0000] {taskinstance.py:1332} INFO - Marking task as FAILED. dag_id=booking_ingestion_DAG, task_id=load_data, execution_date=20230429T003718, start_date=20230429T003723, end_date=20230429T003723
[2023-04-29T00:37:23.520+0000] {standard_task_runner.py:105} ERROR - Failed to execute job 75 for task load_data (Object of type DataFrame is not JSON serializable; 1175)
[2023-04-29T00:37:23.554+0000] {local_task_job.py:212} INFO - Task exited with return code 1
[2023-04-29T00:37:23.580+0000] {taskinstance.py:2596} INFO - 0 downstream tasks scheduled from follow-on schedule check
