[2023-04-28T13:58:22.758+0000] {taskinstance.py:1090} INFO - Dependencies all met for dep_context=non-requeueable deps ti=<TaskInstance: booking_ingestion_DAG.transform_data manual__2023-04-28T13:58:18.959114+00:00 [queued]>
[2023-04-28T13:58:22.771+0000] {taskinstance.py:1090} INFO - Dependencies all met for dep_context=requeueable deps ti=<TaskInstance: booking_ingestion_DAG.transform_data manual__2023-04-28T13:58:18.959114+00:00 [queued]>
[2023-04-28T13:58:22.772+0000] {taskinstance.py:1288} INFO - 
--------------------------------------------------------------------------------
[2023-04-28T13:58:22.773+0000] {taskinstance.py:1289} INFO - Starting attempt 1 of 1
[2023-04-28T13:58:22.773+0000] {taskinstance.py:1290} INFO - 
--------------------------------------------------------------------------------
[2023-04-28T13:58:22.793+0000] {taskinstance.py:1309} INFO - Executing <Task(PythonOperator): transform_data> on 2023-04-28 13:58:18.959114+00:00
[2023-04-28T13:58:22.798+0000] {standard_task_runner.py:55} INFO - Started process 265 to run task
[2023-04-28T13:58:22.802+0000] {standard_task_runner.py:82} INFO - Running: ['***', 'tasks', 'run', 'booking_ingestion_DAG', 'transform_data', 'manual__2023-04-28T13:58:18.959114+00:00', '--job-id', '7', '--raw', '--subdir', 'DAGS_FOLDER/main.py', '--cfg-path', '/tmp/tmpu2x2kg7f']
[2023-04-28T13:58:22.804+0000] {standard_task_runner.py:83} INFO - Job 7: Subtask transform_data
[2023-04-28T13:58:22.966+0000] {task_command.py:389} INFO - Running <TaskInstance: booking_ingestion_DAG.transform_data manual__2023-04-28T13:58:18.959114+00:00 [running]> on host 0e14e6a5e88f
[2023-04-28T13:58:23.357+0000] {taskinstance.py:1518} INFO - Exporting the following env vars:
AIRFLOW_CTX_DAG_OWNER=***
AIRFLOW_CTX_DAG_ID=booking_ingestion_DAG
AIRFLOW_CTX_TASK_ID=transform_data
AIRFLOW_CTX_EXECUTION_DATE=2023-04-28T13:58:18.959114+00:00
AIRFLOW_CTX_TRY_NUMBER=1
AIRFLOW_CTX_DAG_RUN_ID=manual__2023-04-28T13:58:18.959114+00:00
[2023-04-28T13:58:23.359+0000] {logging_mixin.py:137} INFO - ready for transform
[2023-04-28T13:58:23.359+0000] {python.py:177} INFO - Done. Returned value was: None
[2023-04-28T13:58:23.375+0000] {taskinstance.py:1332} INFO - Marking task as SUCCESS. dag_id=booking_ingestion_DAG, task_id=transform_data, execution_date=20230428T135818, start_date=20230428T135822, end_date=20230428T135823
[2023-04-28T13:58:23.418+0000] {local_task_job.py:212} INFO - Task exited with return code 0
[2023-04-28T13:58:23.444+0000] {taskinstance.py:2596} INFO - 0 downstream tasks scheduled from follow-on schedule check
