[2023-04-28T13:58:20.750+0000] {taskinstance.py:1090} INFO - Dependencies all met for dep_context=non-requeueable deps ti=<TaskInstance: booking_ingestion_DAG.extract_data scheduled__2023-04-27T13:57:58.981384+00:00 [queued]>
[2023-04-28T13:58:20.763+0000] {taskinstance.py:1090} INFO - Dependencies all met for dep_context=requeueable deps ti=<TaskInstance: booking_ingestion_DAG.extract_data scheduled__2023-04-27T13:57:58.981384+00:00 [queued]>
[2023-04-28T13:58:20.764+0000] {taskinstance.py:1288} INFO - 
--------------------------------------------------------------------------------
[2023-04-28T13:58:20.765+0000] {taskinstance.py:1289} INFO - Starting attempt 1 of 1
[2023-04-28T13:58:20.765+0000] {taskinstance.py:1290} INFO - 
--------------------------------------------------------------------------------
[2023-04-28T13:58:20.785+0000] {taskinstance.py:1309} INFO - Executing <Task(PythonOperator): extract_data> on 2023-04-27 13:57:58.981384+00:00
[2023-04-28T13:58:20.790+0000] {standard_task_runner.py:55} INFO - Started process 259 to run task
[2023-04-28T13:58:20.796+0000] {standard_task_runner.py:82} INFO - Running: ['***', 'tasks', 'run', 'booking_ingestion_DAG', 'extract_data', 'scheduled__2023-04-27T13:57:58.981384+00:00', '--job-id', '5', '--raw', '--subdir', 'DAGS_FOLDER/main.py', '--cfg-path', '/tmp/tmpln1hmrm_']
[2023-04-28T13:58:20.798+0000] {standard_task_runner.py:83} INFO - Job 5: Subtask extract_data
[2023-04-28T13:58:20.885+0000] {task_command.py:389} INFO - Running <TaskInstance: booking_ingestion_DAG.extract_data scheduled__2023-04-27T13:57:58.981384+00:00 [running]> on host 0e14e6a5e88f
[2023-04-28T13:58:21.229+0000] {taskinstance.py:1518} INFO - Exporting the following env vars:
AIRFLOW_CTX_DAG_OWNER=***
AIRFLOW_CTX_DAG_ID=booking_ingestion_DAG
AIRFLOW_CTX_TASK_ID=extract_data
AIRFLOW_CTX_EXECUTION_DATE=2023-04-27T13:57:58.981384+00:00
AIRFLOW_CTX_TRY_NUMBER=1
AIRFLOW_CTX_DAG_RUN_ID=scheduled__2023-04-27T13:57:58.981384+00:00
[2023-04-28T13:58:21.263+0000] {logging_mixin.py:137} WARNING - /opt/***/dags/main.py:36 FutureWarning: In a future version of pandas all arguments of DataFrame.drop except for the argument 'labels' will be keyword-only
[2023-04-28T13:58:21.272+0000] {python.py:177} INFO - Done. Returned value was: None
[2023-04-28T13:58:21.286+0000] {taskinstance.py:1332} INFO - Marking task as SUCCESS. dag_id=booking_ingestion_DAG, task_id=extract_data, execution_date=20230427T135758, start_date=20230428T135820, end_date=20230428T135821
[2023-04-28T13:58:21.329+0000] {local_task_job.py:212} INFO - Task exited with return code 0
[2023-04-28T13:58:21.358+0000] {taskinstance.py:2596} INFO - 1 downstream tasks scheduled from follow-on schedule check
