[2023-04-29T01:03:37.932+0000] {taskinstance.py:1090} INFO - Dependencies all met for dep_context=non-requeueable deps ti=<TaskInstance: booking_ingestion_DAG.transform_data manual__2023-04-29T01:03:34.293975+00:00 [queued]>
[2023-04-29T01:03:37.944+0000] {taskinstance.py:1090} INFO - Dependencies all met for dep_context=requeueable deps ti=<TaskInstance: booking_ingestion_DAG.transform_data manual__2023-04-29T01:03:34.293975+00:00 [queued]>
[2023-04-29T01:03:37.945+0000] {taskinstance.py:1288} INFO - 
--------------------------------------------------------------------------------
[2023-04-29T01:03:37.947+0000] {taskinstance.py:1289} INFO - Starting attempt 1 of 1
[2023-04-29T01:03:37.947+0000] {taskinstance.py:1290} INFO - 
--------------------------------------------------------------------------------
[2023-04-29T01:03:37.966+0000] {taskinstance.py:1309} INFO - Executing <Task(PythonOperator): transform_data> on 2023-04-29 01:03:34.293975+00:00
[2023-04-29T01:03:37.971+0000] {standard_task_runner.py:55} INFO - Started process 1948 to run task
[2023-04-29T01:03:37.974+0000] {standard_task_runner.py:82} INFO - Running: ['***', 'tasks', 'run', 'booking_ingestion_DAG', 'transform_data', 'manual__2023-04-29T01:03:34.293975+00:00', '--job-id', '92', '--raw', '--subdir', 'DAGS_FOLDER/main.py', '--cfg-path', '/tmp/tmpxvk0gvqk']
[2023-04-29T01:03:37.976+0000] {standard_task_runner.py:83} INFO - Job 92: Subtask transform_data
[2023-04-29T01:03:38.050+0000] {task_command.py:389} INFO - Running <TaskInstance: booking_ingestion_DAG.transform_data manual__2023-04-29T01:03:34.293975+00:00 [running]> on host 0e14e6a5e88f
[2023-04-29T01:03:38.266+0000] {taskinstance.py:1518} INFO - Exporting the following env vars:
AIRFLOW_CTX_DAG_OWNER=***
AIRFLOW_CTX_DAG_ID=booking_ingestion_DAG
AIRFLOW_CTX_TASK_ID=transform_data
AIRFLOW_CTX_EXECUTION_DATE=2023-04-29T01:03:34.293975+00:00
AIRFLOW_CTX_TRY_NUMBER=1
AIRFLOW_CTX_DAG_RUN_ID=manual__2023-04-29T01:03:34.293975+00:00
[2023-04-29T01:03:38.267+0000] {logging_mixin.py:137} INFO - ready for transform
[2023-04-29T01:03:38.323+0000] {logging_mixin.py:137} WARNING - /opt/***/dags/main.py:72 FutureWarning: In a future version of pandas all arguments of DataFrame.drop except for the argument 'labels' will be keyword-only
[2023-04-29T01:03:38.340+0000] {python.py:177} INFO - Done. Returned value was: data cleaning and merging
[2023-04-29T01:03:38.364+0000] {taskinstance.py:1332} INFO - Marking task as SUCCESS. dag_id=booking_ingestion_DAG, task_id=transform_data, execution_date=20230429T010334, start_date=20230429T010337, end_date=20230429T010338
[2023-04-29T01:03:38.388+0000] {local_task_job.py:212} INFO - Task exited with return code 0
[2023-04-29T01:03:38.413+0000] {taskinstance.py:2596} INFO - 1 downstream tasks scheduled from follow-on schedule check
