[2023-04-29T01:03:26.406+0000] {taskinstance.py:1090} INFO - Dependencies all met for dep_context=non-requeueable deps ti=<TaskInstance: booking_ingestion_DAG.extract_data manual__2023-04-29T01:03:25.039456+00:00 [queued]>
[2023-04-29T01:03:26.417+0000] {taskinstance.py:1090} INFO - Dependencies all met for dep_context=requeueable deps ti=<TaskInstance: booking_ingestion_DAG.extract_data manual__2023-04-29T01:03:25.039456+00:00 [queued]>
[2023-04-29T01:03:26.417+0000] {taskinstance.py:1288} INFO - 
--------------------------------------------------------------------------------
[2023-04-29T01:03:26.419+0000] {taskinstance.py:1289} INFO - Starting attempt 1 of 1
[2023-04-29T01:03:26.420+0000] {taskinstance.py:1290} INFO - 
--------------------------------------------------------------------------------
[2023-04-29T01:03:26.438+0000] {taskinstance.py:1309} INFO - Executing <Task(PythonOperator): extract_data> on 2023-04-29 01:03:25.039456+00:00
[2023-04-29T01:03:26.443+0000] {standard_task_runner.py:55} INFO - Started process 1930 to run task
[2023-04-29T01:03:26.446+0000] {standard_task_runner.py:82} INFO - Running: ['***', 'tasks', 'run', 'booking_ingestion_DAG', 'extract_data', 'manual__2023-04-29T01:03:25.039456+00:00', '--job-id', '88', '--raw', '--subdir', 'DAGS_FOLDER/main.py', '--cfg-path', '/tmp/tmpm4m2s4vx']
[2023-04-29T01:03:26.448+0000] {standard_task_runner.py:83} INFO - Job 88: Subtask extract_data
[2023-04-29T01:03:26.520+0000] {task_command.py:389} INFO - Running <TaskInstance: booking_ingestion_DAG.extract_data manual__2023-04-29T01:03:25.039456+00:00 [running]> on host 0e14e6a5e88f
[2023-04-29T01:03:26.738+0000] {taskinstance.py:1518} INFO - Exporting the following env vars:
AIRFLOW_CTX_DAG_OWNER=***
AIRFLOW_CTX_DAG_ID=booking_ingestion_DAG
AIRFLOW_CTX_TASK_ID=extract_data
AIRFLOW_CTX_EXECUTION_DATE=2023-04-29T01:03:25.039456+00:00
AIRFLOW_CTX_TRY_NUMBER=1
AIRFLOW_CTX_DAG_RUN_ID=manual__2023-04-29T01:03:25.039456+00:00
[2023-04-29T01:03:26.852+0000] {python.py:177} INFO - Done. Returned value was: data extarted from different CSV file
[2023-04-29T01:03:26.878+0000] {taskinstance.py:1332} INFO - Marking task as SUCCESS. dag_id=booking_ingestion_DAG, task_id=extract_data, execution_date=20230429T010325, start_date=20230429T010326, end_date=20230429T010326
[2023-04-29T01:03:26.939+0000] {local_task_job.py:212} INFO - Task exited with return code 0
[2023-04-29T01:03:26.980+0000] {taskinstance.py:2596} INFO - 1 downstream tasks scheduled from follow-on schedule check
