[2023-04-28T23:38:46.899+0000] {taskinstance.py:1090} INFO - Dependencies all met for dep_context=non-requeueable deps ti=<TaskInstance: booking_ingestion_DAG.extract_data manual__2023-04-28T23:38:45.088354+00:00 [queued]>
[2023-04-28T23:38:46.914+0000] {taskinstance.py:1090} INFO - Dependencies all met for dep_context=requeueable deps ti=<TaskInstance: booking_ingestion_DAG.extract_data manual__2023-04-28T23:38:45.088354+00:00 [queued]>
[2023-04-28T23:38:46.914+0000] {taskinstance.py:1288} INFO - 
--------------------------------------------------------------------------------
[2023-04-28T23:38:46.915+0000] {taskinstance.py:1289} INFO - Starting attempt 1 of 1
[2023-04-28T23:38:46.915+0000] {taskinstance.py:1290} INFO - 
--------------------------------------------------------------------------------
[2023-04-28T23:38:46.939+0000] {taskinstance.py:1309} INFO - Executing <Task(PythonOperator): extract_data> on 2023-04-28 23:38:45.088354+00:00
[2023-04-28T23:38:46.960+0000] {standard_task_runner.py:55} INFO - Started process 7695 to run task
[2023-04-28T23:38:46.964+0000] {standard_task_runner.py:82} INFO - Running: ['***', 'tasks', 'run', 'booking_ingestion_DAG', 'extract_data', 'manual__2023-04-28T23:38:45.088354+00:00', '--job-id', '63', '--raw', '--subdir', 'DAGS_FOLDER/main.py', '--cfg-path', '/tmp/tmpxeuzoxqd']
[2023-04-28T23:38:46.966+0000] {standard_task_runner.py:83} INFO - Job 63: Subtask extract_data
[2023-04-28T23:38:47.057+0000] {task_command.py:389} INFO - Running <TaskInstance: booking_ingestion_DAG.extract_data manual__2023-04-28T23:38:45.088354+00:00 [running]> on host 0e14e6a5e88f
[2023-04-28T23:38:47.337+0000] {taskinstance.py:1518} INFO - Exporting the following env vars:
AIRFLOW_CTX_DAG_OWNER=***
AIRFLOW_CTX_DAG_ID=booking_ingestion_DAG
AIRFLOW_CTX_TASK_ID=extract_data
AIRFLOW_CTX_EXECUTION_DATE=2023-04-28T23:38:45.088354+00:00
AIRFLOW_CTX_TRY_NUMBER=1
AIRFLOW_CTX_DAG_RUN_ID=manual__2023-04-28T23:38:45.088354+00:00
[2023-04-28T23:38:47.410+0000] {python.py:177} INFO - Done. Returned value was: None
[2023-04-28T23:38:47.423+0000] {taskinstance.py:1332} INFO - Marking task as SUCCESS. dag_id=booking_ingestion_DAG, task_id=extract_data, execution_date=20230428T233845, start_date=20230428T233846, end_date=20230428T233847
[2023-04-28T23:38:47.498+0000] {local_task_job.py:212} INFO - Task exited with return code 0
[2023-04-28T23:38:47.536+0000] {taskinstance.py:2596} INFO - 1 downstream tasks scheduled from follow-on schedule check
