[2023-04-29T00:37:20.869+0000] {taskinstance.py:1090} INFO - Dependencies all met for dep_context=non-requeueable deps ti=<TaskInstance: booking_ingestion_DAG.transform_data manual__2023-04-29T00:37:18.601338+00:00 [queued]>
[2023-04-29T00:37:20.880+0000] {taskinstance.py:1090} INFO - Dependencies all met for dep_context=requeueable deps ti=<TaskInstance: booking_ingestion_DAG.transform_data manual__2023-04-29T00:37:18.601338+00:00 [queued]>
[2023-04-29T00:37:20.881+0000] {taskinstance.py:1288} INFO - 
--------------------------------------------------------------------------------
[2023-04-29T00:37:20.881+0000] {taskinstance.py:1289} INFO - Starting attempt 1 of 1
[2023-04-29T00:37:20.882+0000] {taskinstance.py:1290} INFO - 
--------------------------------------------------------------------------------
[2023-04-29T00:37:20.898+0000] {taskinstance.py:1309} INFO - Executing <Task(PythonOperator): transform_data> on 2023-04-29 00:37:18.601338+00:00
[2023-04-29T00:37:20.903+0000] {standard_task_runner.py:55} INFO - Started process 1172 to run task
[2023-04-29T00:37:20.906+0000] {standard_task_runner.py:82} INFO - Running: ['***', 'tasks', 'run', 'booking_ingestion_DAG', 'transform_data', 'manual__2023-04-29T00:37:18.601338+00:00', '--job-id', '74', '--raw', '--subdir', 'DAGS_FOLDER/main.py', '--cfg-path', '/tmp/tmpb3heodi7']
[2023-04-29T00:37:20.908+0000] {standard_task_runner.py:83} INFO - Job 74: Subtask transform_data
[2023-04-29T00:37:20.990+0000] {task_command.py:389} INFO - Running <TaskInstance: booking_ingestion_DAG.transform_data manual__2023-04-29T00:37:18.601338+00:00 [running]> on host 0e14e6a5e88f
[2023-04-29T00:37:21.332+0000] {taskinstance.py:1518} INFO - Exporting the following env vars:
AIRFLOW_CTX_DAG_OWNER=***
AIRFLOW_CTX_DAG_ID=booking_ingestion_DAG
AIRFLOW_CTX_TASK_ID=transform_data
AIRFLOW_CTX_EXECUTION_DATE=2023-04-29T00:37:18.601338+00:00
AIRFLOW_CTX_TRY_NUMBER=1
AIRFLOW_CTX_DAG_RUN_ID=manual__2023-04-29T00:37:18.601338+00:00
[2023-04-29T00:37:21.334+0000] {logging_mixin.py:137} INFO - ready for transform
[2023-04-29T00:37:21.405+0000] {logging_mixin.py:137} WARNING - /opt/***/dags/main.py:72 FutureWarning: In a future version of pandas all arguments of DataFrame.drop except for the argument 'labels' will be keyword-only
[2023-04-29T00:37:21.424+0000] {python.py:177} INFO - Done. Returned value was: None
[2023-04-29T00:37:21.437+0000] {taskinstance.py:1332} INFO - Marking task as SUCCESS. dag_id=booking_ingestion_DAG, task_id=transform_data, execution_date=20230429T003718, start_date=20230429T003720, end_date=20230429T003721
[2023-04-29T00:37:21.480+0000] {local_task_job.py:212} INFO - Task exited with return code 0
[2023-04-29T00:37:21.511+0000] {taskinstance.py:2596} INFO - 1 downstream tasks scheduled from follow-on schedule check
