[2023-04-28T14:21:34.816+0000] {taskinstance.py:1090} INFO - Dependencies all met for dep_context=non-requeueable deps ti=<TaskInstance: booking_ingestion_DAG.extract_data manual__2023-04-28T14:21:33.517589+00:00 [queued]>
[2023-04-28T14:21:34.827+0000] {taskinstance.py:1090} INFO - Dependencies all met for dep_context=requeueable deps ti=<TaskInstance: booking_ingestion_DAG.extract_data manual__2023-04-28T14:21:33.517589+00:00 [queued]>
[2023-04-28T14:21:34.828+0000] {taskinstance.py:1288} INFO - 
--------------------------------------------------------------------------------
[2023-04-28T14:21:34.829+0000] {taskinstance.py:1289} INFO - Starting attempt 1 of 1
[2023-04-28T14:21:34.829+0000] {taskinstance.py:1290} INFO - 
--------------------------------------------------------------------------------
[2023-04-28T14:21:34.848+0000] {taskinstance.py:1309} INFO - Executing <Task(PythonOperator): extract_data> on 2023-04-28 14:21:33.517589+00:00
[2023-04-28T14:21:34.852+0000] {standard_task_runner.py:55} INFO - Started process 911 to run task
[2023-04-28T14:21:34.857+0000] {standard_task_runner.py:82} INFO - Running: ['***', 'tasks', 'run', 'booking_ingestion_DAG', 'extract_data', 'manual__2023-04-28T14:21:33.517589+00:00', '--job-id', '9', '--raw', '--subdir', 'DAGS_FOLDER/main.py', '--cfg-path', '/tmp/tmpfp6s5lgw']
[2023-04-28T14:21:34.860+0000] {standard_task_runner.py:83} INFO - Job 9: Subtask extract_data
[2023-04-28T14:21:34.940+0000] {task_command.py:389} INFO - Running <TaskInstance: booking_ingestion_DAG.extract_data manual__2023-04-28T14:21:33.517589+00:00 [running]> on host 0e14e6a5e88f
[2023-04-28T14:21:35.171+0000] {taskinstance.py:1518} INFO - Exporting the following env vars:
AIRFLOW_CTX_DAG_OWNER=***
AIRFLOW_CTX_DAG_ID=booking_ingestion_DAG
AIRFLOW_CTX_TASK_ID=extract_data
AIRFLOW_CTX_EXECUTION_DATE=2023-04-28T14:21:33.517589+00:00
AIRFLOW_CTX_TRY_NUMBER=1
AIRFLOW_CTX_DAG_RUN_ID=manual__2023-04-28T14:21:33.517589+00:00
[2023-04-28T14:21:35.202+0000] {logging_mixin.py:137} WARNING - /opt/***/dags/main.py:36 FutureWarning: In a future version of pandas all arguments of DataFrame.drop except for the argument 'labels' will be keyword-only
[2023-04-28T14:21:35.210+0000] {python.py:177} INFO - Done. Returned value was:     client_id booking_date  ... client_type               hotel_name
0           4   2016-11-02  ...         VIP             The New View
1           3   2017-10-17  ...    standard             The New View
2           4   2019-08-07  ...         VIP             Astro Resort
3           4   2021-08-07  ...         VIP             Astro Resort
4           2   2020-08-07  ...    standard             Astro Resort
5           2   2021-08-07  ...    standard             Astro Resort
6           3   2020-08-07  ...    standard             Astro Resort
7           1   2018-03-20  ...    standard             Astro Resort
8           5   2021-08-07  ...    standard             Astro Resort
9           2   2017-07-13  ...    standard            Dream Connect
10          6   2019-09-14  ...         VIP            Dream Connect
11          2   2019-10-10  ...    standard          The Clift Royal
12          3   2018-01-16  ...    standard  Millennium Times Square
13          5   2019-12-24  ...    standard              Green Acres

[14 rows x 10 columns]
[2023-04-28T14:21:35.238+0000] {xcom.py:635} ERROR - Object of type DataFrame is not JSON serializable. If you are using pickle instead of JSON for XCom, then you need to enable pickle support for XCom in your *** config or make sure to decorate your object with attr.
[2023-04-28T14:21:35.240+0000] {taskinstance.py:1776} ERROR - Task failed with exception
Traceback (most recent call last):
  File "/home/airflow/.local/lib/python3.7/site-packages/airflow/utils/session.py", line 72, in wrapper
    return func(*args, **kwargs)
  File "/home/airflow/.local/lib/python3.7/site-packages/airflow/models/taskinstance.py", line 2305, in xcom_push
    session=session,
  File "/home/airflow/.local/lib/python3.7/site-packages/airflow/utils/session.py", line 72, in wrapper
    return func(*args, **kwargs)
  File "/home/airflow/.local/lib/python3.7/site-packages/airflow/models/xcom.py", line 240, in set
    map_index=map_index,
  File "/home/airflow/.local/lib/python3.7/site-packages/airflow/models/xcom.py", line 627, in serialize_value
    return json.dumps(value, cls=XComEncoder).encode("UTF-8")
  File "/usr/local/lib/python3.7/json/__init__.py", line 238, in dumps
    **kw).encode(obj)
  File "/home/airflow/.local/lib/python3.7/site-packages/airflow/utils/json.py", line 176, in encode
    return super().encode(o)
  File "/usr/local/lib/python3.7/json/encoder.py", line 199, in encode
    chunks = self.iterencode(o, _one_shot=True)
  File "/usr/local/lib/python3.7/json/encoder.py", line 257, in iterencode
    return _iterencode(o, 0)
  File "/home/airflow/.local/lib/python3.7/site-packages/airflow/utils/json.py", line 170, in default
    return super().default(o)
  File "/usr/local/lib/python3.7/json/encoder.py", line 179, in default
    raise TypeError(f'Object of type {o.__class__.__name__} '
TypeError: Object of type DataFrame is not JSON serializable
[2023-04-28T14:21:35.256+0000] {taskinstance.py:1332} INFO - Marking task as FAILED. dag_id=booking_ingestion_DAG, task_id=extract_data, execution_date=20230428T142133, start_date=20230428T142134, end_date=20230428T142135
[2023-04-28T14:21:35.273+0000] {standard_task_runner.py:105} ERROR - Failed to execute job 9 for task extract_data (Object of type DataFrame is not JSON serializable; 911)
[2023-04-28T14:21:35.309+0000] {local_task_job.py:212} INFO - Task exited with return code 1
[2023-04-28T14:21:35.337+0000] {taskinstance.py:2596} INFO - 0 downstream tasks scheduled from follow-on schedule check
