[2023-04-29T00:36:16.277+0000] {taskinstance.py:1090} INFO - Dependencies all met for dep_context=non-requeueable deps ti=<TaskInstance: booking_ingestion_DAG.load_data manual__2023-04-29T00:36:11.709897+00:00 [queued]>
[2023-04-29T00:36:16.290+0000] {taskinstance.py:1090} INFO - Dependencies all met for dep_context=requeueable deps ti=<TaskInstance: booking_ingestion_DAG.load_data manual__2023-04-29T00:36:11.709897+00:00 [queued]>
[2023-04-29T00:36:16.291+0000] {taskinstance.py:1288} INFO - 
--------------------------------------------------------------------------------
[2023-04-29T00:36:16.293+0000] {taskinstance.py:1289} INFO - Starting attempt 1 of 1
[2023-04-29T00:36:16.293+0000] {taskinstance.py:1290} INFO - 
--------------------------------------------------------------------------------
[2023-04-29T00:36:16.312+0000] {taskinstance.py:1309} INFO - Executing <Task(PythonOperator): load_data> on 2023-04-29 00:36:11.709897+00:00
[2023-04-29T00:36:16.316+0000] {standard_task_runner.py:55} INFO - Started process 1132 to run task
[2023-04-29T00:36:16.320+0000] {standard_task_runner.py:82} INFO - Running: ['***', 'tasks', 'run', 'booking_ingestion_DAG', 'load_data', 'manual__2023-04-29T00:36:11.709897+00:00', '--job-id', '72', '--raw', '--subdir', 'DAGS_FOLDER/main.py', '--cfg-path', '/tmp/tmpv36fs5ir']
[2023-04-29T00:36:16.322+0000] {standard_task_runner.py:83} INFO - Job 72: Subtask load_data
[2023-04-29T00:36:16.396+0000] {task_command.py:389} INFO - Running <TaskInstance: booking_ingestion_DAG.load_data manual__2023-04-29T00:36:11.709897+00:00 [running]> on host 0e14e6a5e88f
[2023-04-29T00:36:16.620+0000] {taskinstance.py:1518} INFO - Exporting the following env vars:
AIRFLOW_CTX_DAG_OWNER=***
AIRFLOW_CTX_DAG_ID=booking_ingestion_DAG
AIRFLOW_CTX_TASK_ID=load_data
AIRFLOW_CTX_EXECUTION_DATE=2023-04-29T00:36:11.709897+00:00
AIRFLOW_CTX_TRY_NUMBER=1
AIRFLOW_CTX_DAG_RUN_ID=manual__2023-04-29T00:36:11.709897+00:00
[2023-04-29T00:36:16.679+0000] {python.py:177} INFO - Done. Returned value was: Data is loaded in mongodb database !
[2023-04-29T00:36:16.709+0000] {taskinstance.py:1332} INFO - Marking task as SUCCESS. dag_id=booking_ingestion_DAG, task_id=load_data, execution_date=20230429T003611, start_date=20230429T003616, end_date=20230429T003616
[2023-04-29T00:36:16.734+0000] {local_task_job.py:212} INFO - Task exited with return code 0
[2023-04-29T00:36:16.753+0000] {taskinstance.py:2596} INFO - 0 downstream tasks scheduled from follow-on schedule check
